CRITICAL - 2021-10-02 22:36:44 --> Undefined index: waktu_pengerjaan
#0 C:\xampp\htdocs\New folder\app\Views\v_admin\informasi_pendaftaran\index.php(48): CodeIgniter\Debug\Exceptions->errorHandler(8, 'Undefined index...', 'C:\\xampp\\htdocs...', 48, Array)
#1 C:\xampp\htdocs\New folder\app\Views\v_admin\v_app.php(57): include('C:\\xampp\\htdocs...')
#2 C:\xampp\htdocs\New folder\vendor\codeigniter4\framework\system\View\View.php(214): include('C:\\xampp\\htdocs...')
#3 C:\xampp\htdocs\New folder\vendor\codeigniter4\framework\system\View\View.php(217): CodeIgniter\View\View->CodeIgniter\View\{closure}()
#4 C:\xampp\htdocs\New folder\vendor\codeigniter4\framework\system\Common.php(1092): CodeIgniter\View\View->render('v_admin/v_app', Array, true)
#5 C:\xampp\htdocs\New folder\app\Controllers\Admin\InformasiPendaftaran.php(16): view('v_admin/v_app', Array)
#6 C:\xampp\htdocs\New folder\vendor\codeigniter4\framework\system\CodeIgniter.php(802): App\Controllers\Admin\InformasiPendaftaran->index()
#7 C:\xampp\htdocs\New folder\vendor\codeigniter4\framework\system\CodeIgniter.php(399): CodeIgniter\CodeIgniter->runController(Object(App\Controllers\Admin\InformasiPendaftaran))
#8 C:\xampp\htdocs\New folder\vendor\codeigniter4\framework\system\CodeIgniter.php(317): CodeIgniter\CodeIgniter->handleRequest(NULL, Object(Config\Cache), false)
#9 C:\xampp\htdocs\New folder\public\index.php(37): CodeIgniter\CodeIgniter->run()
#10 C:\xampp\htdocs\New folder\vendor\codeigniter4\framework\system\Commands\Server\rewrite.php(43): require_once('C:\\xampp\\htdocs...')
#11 {main}
CRITICAL - 2021-10-02 22:37:49 --> Undefined index: waktu_pengerjaan
#0 C:\xampp\htdocs\New folder\app\Views\v_admin\informasi_pendaftaran\index.php(47): CodeIgniter\Debug\Exceptions->errorHandler(8, 'Undefined index...', 'C:\\xampp\\htdocs...', 47, Array)
#1 C:\xampp\htdocs\New folder\app\Views\v_admin\v_app.php(57): include('C:\\xampp\\htdocs...')
#2 C:\xampp\htdocs\New folder\vendor\codeigniter4\framework\system\View\View.php(214): include('C:\\xampp\\htdocs...')
#3 C:\xampp\htdocs\New folder\vendor\codeigniter4\framework\system\View\View.php(217): CodeIgniter\View\View->CodeIgniter\View\{closure}()
#4 C:\xampp\htdocs\New folder\vendor\codeigniter4\framework\system\Common.php(1092): CodeIgniter\View\View->render('v_admin/v_app', Array, true)
#5 C:\xampp\htdocs\New folder\app\Controllers\Admin\InformasiPendaftaran.php(16): view('v_admin/v_app', Array)
#6 C:\xampp\htdocs\New folder\vendor\codeigniter4\framework\system\CodeIgniter.php(802): App\Controllers\Admin\InformasiPendaftaran->index()
#7 C:\xampp\htdocs\New folder\vendor\codeigniter4\framework\system\CodeIgniter.php(399): CodeIgniter\CodeIgniter->runController(Object(App\Controllers\Admin\InformasiPendaftaran))
#8 C:\xampp\htdocs\New folder\vendor\codeigniter4\framework\system\CodeIgniter.php(317): CodeIgniter\CodeIgniter->handleRequest(NULL, Object(Config\Cache), false)
#9 C:\xampp\htdocs\New folder\public\index.php(37): CodeIgniter\CodeIgniter->run()
#10 C:\xampp\htdocs\New folder\vendor\codeigniter4\framework\system\Commands\Server\rewrite.php(43): require_once('C:\\xampp\\htdocs...')
#11 {main}
CRITICAL - 2021-10-02 22:38:06 --> Undefined index: waktu_pengerjaan
#0 C:\xampp\htdocs\New folder\app\Views\v_admin\informasi_pendaftaran\index.php(47): CodeIgniter\Debug\Exceptions->errorHandler(8, 'Undefined index...', 'C:\\xampp\\htdocs...', 47, Array)
#1 C:\xampp\htdocs\New folder\app\Views\v_admin\v_app.php(57): include('C:\\xampp\\htdocs...')
#2 C:\xampp\htdocs\New folder\vendor\codeigniter4\framework\system\View\View.php(214): include('C:\\xampp\\htdocs...')
#3 C:\xampp\htdocs\New folder\vendor\codeigniter4\framework\system\View\View.php(217): CodeIgniter\View\View->CodeIgniter\View\{closure}()
#4 C:\xampp\htdocs\New folder\vendor\codeigniter4\framework\system\Common.php(1092): CodeIgniter\View\View->render('v_admin/v_app', Array, true)
#5 C:\xampp\htdocs\New folder\app\Controllers\Admin\InformasiPendaftaran.php(16): view('v_admin/v_app', Array)
#6 C:\xampp\htdocs\New folder\vendor\codeigniter4\framework\system\CodeIgniter.php(802): App\Controllers\Admin\InformasiPendaftaran->index()
#7 C:\xampp\htdocs\New folder\vendor\codeigniter4\framework\system\CodeIgniter.php(399): CodeIgniter\CodeIgniter->runController(Object(App\Controllers\Admin\InformasiPendaftaran))
#8 C:\xampp\htdocs\New folder\vendor\codeigniter4\framework\system\CodeIgniter.php(317): CodeIgniter\CodeIgniter->handleRequest(NULL, Object(Config\Cache), false)
#9 C:\xampp\htdocs\New folder\public\index.php(37): CodeIgniter\CodeIgniter->run()
#10 C:\xampp\htdocs\New folder\vendor\codeigniter4\framework\system\Commands\Server\rewrite.php(43): require_once('C:\\xampp\\htdocs...')
#11 {main}
CRITICAL - 2021-10-02 22:39:17 --> Undefined index: tgl_lulus_adm
#0 C:\xampp\htdocs\New folder\app\Views\v_admin\informasi_pendaftaran\edit.php(15): CodeIgniter\Debug\Exceptions->errorHandler(8, 'Undefined index...', 'C:\\xampp\\htdocs...', 15, Array)
#1 C:\xampp\htdocs\New folder\app\Views\v_admin\informasi_pendaftaran\index.php(66): include('C:\\xampp\\htdocs...')
#2 C:\xampp\htdocs\New folder\app\Views\v_admin\v_app.php(57): include('C:\\xampp\\htdocs...')
#3 C:\xampp\htdocs\New folder\vendor\codeigniter4\framework\system\View\View.php(214): include('C:\\xampp\\htdocs...')
#4 C:\xampp\htdocs\New folder\vendor\codeigniter4\framework\system\View\View.php(217): CodeIgniter\View\View->CodeIgniter\View\{closure}()
#5 C:\xampp\htdocs\New folder\vendor\codeigniter4\framework\system\Common.php(1092): CodeIgniter\View\View->render('v_admin/v_app', Array, true)
#6 C:\xampp\htdocs\New folder\app\Controllers\Admin\InformasiPendaftaran.php(16): view('v_admin/v_app', Array)
#7 C:\xampp\htdocs\New folder\vendor\codeigniter4\framework\system\CodeIgniter.php(802): App\Controllers\Admin\InformasiPendaftaran->index()
#8 C:\xampp\htdocs\New folder\vendor\codeigniter4\framework\system\CodeIgniter.php(399): CodeIgniter\CodeIgniter->runController(Object(App\Controllers\Admin\InformasiPendaftaran))
#9 C:\xampp\htdocs\New folder\vendor\codeigniter4\framework\system\CodeIgniter.php(317): CodeIgniter\CodeIgniter->handleRequest(NULL, Object(Config\Cache), false)
#10 C:\xampp\htdocs\New folder\public\index.php(37): CodeIgniter\CodeIgniter->run()
#11 C:\xampp\htdocs\New folder\vendor\codeigniter4\framework\system\Commands\Server\rewrite.php(43): require_once('C:\\xampp\\htdocs...')
#12 {main}
CRITICAL - 2021-10-02 22:39:50 --> Undefined offset: 2
#0 C:\xampp\htdocs\New folder\app\Helpers\the_helper.php(34): CodeIgniter\Debug\Exceptions->errorHandler(8, 'Undefined offse...', 'C:\\xampp\\htdocs...', 34, Array)
#1 C:\xampp\htdocs\New folder\app\Controllers\Admin\InformasiPendaftaran.php(23): ubah_tgl(NULL)
#2 C:\xampp\htdocs\New folder\vendor\codeigniter4\framework\system\CodeIgniter.php(802): App\Controllers\Admin\InformasiPendaftaran->editInformasi('1')
#3 C:\xampp\htdocs\New folder\vendor\codeigniter4\framework\system\CodeIgniter.php(399): CodeIgniter\CodeIgniter->runController(Object(App\Controllers\Admin\InformasiPendaftaran))
#4 C:\xampp\htdocs\New folder\vendor\codeigniter4\framework\system\CodeIgniter.php(317): CodeIgniter\CodeIgniter->handleRequest(NULL, Object(Config\Cache), false)
#5 C:\xampp\htdocs\New folder\public\index.php(37): CodeIgniter\CodeIgniter->run()
#6 C:\xampp\htdocs\New folder\vendor\codeigniter4\framework\system\Commands\Server\rewrite.php(43): require_once('C:\\xampp\\htdocs...')
#7 {main}
CRITICAL - 2021-10-02 22:40:17 --> Undefined index: lampiran
#0 C:\xampp\htdocs\New folder\app\Views\v_admin\formasi_lab\index.php(51): CodeIgniter\Debug\Exceptions->errorHandler(8, 'Undefined index...', 'C:\\xampp\\htdocs...', 51, Array)
#1 C:\xampp\htdocs\New folder\app\Views\v_admin\v_app.php(59): include('C:\\xampp\\htdocs...')
#2 C:\xampp\htdocs\New folder\vendor\codeigniter4\framework\system\View\View.php(214): include('C:\\xampp\\htdocs...')
#3 C:\xampp\htdocs\New folder\vendor\codeigniter4\framework\system\View\View.php(217): CodeIgniter\View\View->CodeIgniter\View\{closure}()
#4 C:\xampp\htdocs\New folder\vendor\codeigniter4\framework\system\Common.php(1092): CodeIgniter\View\View->render('v_admin/v_app', Array, true)
#5 C:\xampp\htdocs\New folder\app\Controllers\Admin\FormasiLab.php(13): view('v_admin/v_app', Array)
#6 C:\xampp\htdocs\New folder\vendor\codeigniter4\framework\system\CodeIgniter.php(802): App\Controllers\Admin\Formasilab->index()
#7 C:\xampp\htdocs\New folder\vendor\codeigniter4\framework\system\CodeIgniter.php(399): CodeIgniter\CodeIgniter->runController(Object(App\Controllers\Admin\Formasilab))
#8 C:\xampp\htdocs\New folder\vendor\codeigniter4\framework\system\CodeIgniter.php(317): CodeIgniter\CodeIgniter->handleRequest(NULL, Object(Config\Cache), false)
#9 C:\xampp\htdocs\New folder\public\index.php(37): CodeIgniter\CodeIgniter->run()
#10 C:\xampp\htdocs\New folder\vendor\codeigniter4\framework\system\Commands\Server\rewrite.php(43): require_once('C:\\xampp\\htdocs...')
#11 {main}
CRITICAL - 2021-10-02 22:48:17 --> Undefined variable: key
#0 C:\xampp\htdocs\New folder\app\Views\v_admin\peminatan\add.php(18): CodeIgniter\Debug\Exceptions->errorHandler(8, 'Undefined varia...', 'C:\\xampp\\htdocs...', 18, Array)
#1 C:\xampp\htdocs\New folder\app\Views\v_admin\peminatan\index.php(21): include('C:\\xampp\\htdocs...')
#2 C:\xampp\htdocs\New folder\app\Views\v_admin\v_app.php(59): include('C:\\xampp\\htdocs...')
#3 C:\xampp\htdocs\New folder\vendor\codeigniter4\framework\system\View\View.php(214): include('C:\\xampp\\htdocs...')
#4 C:\xampp\htdocs\New folder\vendor\codeigniter4\framework\system\View\View.php(217): CodeIgniter\View\View->CodeIgniter\View\{closure}()
#5 C:\xampp\htdocs\New folder\vendor\codeigniter4\framework\system\Common.php(1092): CodeIgniter\View\View->render('v_admin/v_app', Array, true)
#6 C:\xampp\htdocs\New folder\app\Controllers\Admin\Peminatan.php(13): view('v_admin/v_app', Array)
#7 C:\xampp\htdocs\New folder\vendor\codeigniter4\framework\system\CodeIgniter.php(802): App\Controllers\Admin\Peminatan->index()
#8 C:\xampp\htdocs\New folder\vendor\codeigniter4\framework\system\CodeIgniter.php(399): CodeIgniter\CodeIgniter->runController(Object(App\Controllers\Admin\Peminatan))
#9 C:\xampp\htdocs\New folder\vendor\codeigniter4\framework\system\CodeIgniter.php(317): CodeIgniter\CodeIgniter->handleRequest(NULL, Object(Config\Cache), false)
#10 C:\xampp\htdocs\New folder\public\index.php(37): CodeIgniter\CodeIgniter->run()
#11 C:\xampp\htdocs\New folder\vendor\codeigniter4\framework\system\Commands\Server\rewrite.php(43): require_once('C:\\xampp\\htdocs...')
#12 {main}
CRITICAL - 2021-10-02 22:48:33 --> Undefined variable: key
#0 C:\xampp\htdocs\New folder\app\Views\v_admin\peminatan\add.php(18): CodeIgniter\Debug\Exceptions->errorHandler(8, 'Undefined varia...', 'C:\\xampp\\htdocs...', 18, Array)
#1 C:\xampp\htdocs\New folder\app\Views\v_admin\peminatan\index.php(21): include('C:\\xampp\\htdocs...')
#2 C:\xampp\htdocs\New folder\app\Views\v_admin\v_app.php(59): include('C:\\xampp\\htdocs...')
#3 C:\xampp\htdocs\New folder\vendor\codeigniter4\framework\system\View\View.php(214): include('C:\\xampp\\htdocs...')
#4 C:\xampp\htdocs\New folder\vendor\codeigniter4\framework\system\View\View.php(217): CodeIgniter\View\View->CodeIgniter\View\{closure}()
#5 C:\xampp\htdocs\New folder\vendor\codeigniter4\framework\system\Common.php(1092): CodeIgniter\View\View->render('v_admin/v_app', Array, true)
#6 C:\xampp\htdocs\New folder\app\Controllers\Admin\Peminatan.php(13): view('v_admin/v_app', Array)
#7 C:\xampp\htdocs\New folder\vendor\codeigniter4\framework\system\CodeIgniter.php(802): App\Controllers\Admin\Peminatan->index()
#8 C:\xampp\htdocs\New folder\vendor\codeigniter4\framework\system\CodeIgniter.php(399): CodeIgniter\CodeIgniter->runController(Object(App\Controllers\Admin\Peminatan))
#9 C:\xampp\htdocs\New folder\vendor\codeigniter4\framework\system\CodeIgniter.php(317): CodeIgniter\CodeIgniter->handleRequest(NULL, Object(Config\Cache), false)
#10 C:\xampp\htdocs\New folder\public\index.php(37): CodeIgniter\CodeIgniter->run()
#11 C:\xampp\htdocs\New folder\vendor\codeigniter4\framework\system\Commands\Server\rewrite.php(43): require_once('C:\\xampp\\htdocs...')
#12 {main}
