CRITICAL - 2021-10-03 11:06:53 --> Undefined index: tgl_lulus_adm
#0 C:\xampp\htdocs\New folder\app\Views\v_login\v_app.php(3): CodeIgniter\Debug\Exceptions->errorHandler(8, 'Undefined index...', 'C:\\xampp\\htdocs...', 3, Array)
#1 C:\xampp\htdocs\New folder\vendor\codeigniter4\framework\system\View\View.php(214): include('C:\\xampp\\htdocs...')
#2 C:\xampp\htdocs\New folder\vendor\codeigniter4\framework\system\View\View.php(217): CodeIgniter\View\View->CodeIgniter\View\{closure}()
#3 C:\xampp\htdocs\New folder\vendor\codeigniter4\framework\system\Common.php(1092): CodeIgniter\View\View->render('v_login/v_app', Array, true)
#4 C:\xampp\htdocs\New folder\app\Controllers\Login.php(18): view('v_login/v_app', Array)
#5 C:\xampp\htdocs\New folder\vendor\codeigniter4\framework\system\CodeIgniter.php(802): App\Controllers\Login->index()
#6 C:\xampp\htdocs\New folder\vendor\codeigniter4\framework\system\CodeIgniter.php(399): CodeIgniter\CodeIgniter->runController(Object(App\Controllers\Login))
#7 C:\xampp\htdocs\New folder\vendor\codeigniter4\framework\system\CodeIgniter.php(317): CodeIgniter\CodeIgniter->handleRequest(NULL, Object(Config\Cache), false)
#8 C:\xampp\htdocs\New folder\public\index.php(37): CodeIgniter\CodeIgniter->run()
#9 C:\xampp\htdocs\New folder\vendor\codeigniter4\framework\system\Commands\Server\rewrite.php(43): require_once('C:\\xampp\\htdocs...')
#10 {main}
CRITICAL - 2021-10-03 11:08:35 --> Undefined index: tgl_lulus_adm
#0 C:\xampp\htdocs\New folder\app\Views\v_login\v_app.php(3): CodeIgniter\Debug\Exceptions->errorHandler(8, 'Undefined index...', 'C:\\xampp\\htdocs...', 3, Array)
#1 C:\xampp\htdocs\New folder\vendor\codeigniter4\framework\system\View\View.php(214): include('C:\\xampp\\htdocs...')
#2 C:\xampp\htdocs\New folder\vendor\codeigniter4\framework\system\View\View.php(217): CodeIgniter\View\View->CodeIgniter\View\{closure}()
#3 C:\xampp\htdocs\New folder\vendor\codeigniter4\framework\system\Common.php(1092): CodeIgniter\View\View->render('v_login/v_app', Array, true)
#4 C:\xampp\htdocs\New folder\app\Controllers\Login.php(18): view('v_login/v_app', Array)
#5 C:\xampp\htdocs\New folder\vendor\codeigniter4\framework\system\CodeIgniter.php(802): App\Controllers\Login->index()
#6 C:\xampp\htdocs\New folder\vendor\codeigniter4\framework\system\CodeIgniter.php(399): CodeIgniter\CodeIgniter->runController(Object(App\Controllers\Login))
#7 C:\xampp\htdocs\New folder\vendor\codeigniter4\framework\system\CodeIgniter.php(317): CodeIgniter\CodeIgniter->handleRequest(NULL, Object(Config\Cache), false)
#8 C:\xampp\htdocs\New folder\public\index.php(37): CodeIgniter\CodeIgniter->run()
#9 C:\xampp\htdocs\New folder\vendor\codeigniter4\framework\system\Commands\Server\rewrite.php(43): require_once('C:\\xampp\\htdocs...')
#10 {main}
CRITICAL - 2021-10-03 11:08:57 --> Undefined index: tgl_lulus_adm
#0 C:\xampp\htdocs\New folder\app\Views\v_login\v_app.php(3): CodeIgniter\Debug\Exceptions->errorHandler(8, 'Undefined index...', 'C:\\xampp\\htdocs...', 3, Array)
#1 C:\xampp\htdocs\New folder\vendor\codeigniter4\framework\system\View\View.php(214): include('C:\\xampp\\htdocs...')
#2 C:\xampp\htdocs\New folder\vendor\codeigniter4\framework\system\View\View.php(217): CodeIgniter\View\View->CodeIgniter\View\{closure}()
#3 C:\xampp\htdocs\New folder\vendor\codeigniter4\framework\system\Common.php(1092): CodeIgniter\View\View->render('v_login/v_app', Array, true)
#4 C:\xampp\htdocs\New folder\app\Controllers\Login.php(18): view('v_login/v_app', Array)
#5 C:\xampp\htdocs\New folder\vendor\codeigniter4\framework\system\CodeIgniter.php(802): App\Controllers\Login->index()
#6 C:\xampp\htdocs\New folder\vendor\codeigniter4\framework\system\CodeIgniter.php(399): CodeIgniter\CodeIgniter->runController(Object(App\Controllers\Login))
#7 C:\xampp\htdocs\New folder\vendor\codeigniter4\framework\system\CodeIgniter.php(317): CodeIgniter\CodeIgniter->handleRequest(NULL, Object(Config\Cache), false)
#8 C:\xampp\htdocs\New folder\public\index.php(37): CodeIgniter\CodeIgniter->run()
#9 C:\xampp\htdocs\New folder\vendor\codeigniter4\framework\system\Commands\Server\rewrite.php(43): require_once('C:\\xampp\\htdocs...')
#10 {main}
CRITICAL - 2021-10-03 11:10:54 --> Undefined index: tgl_lulus_adm
#0 C:\xampp\htdocs\New folder\app\Views\v_home\home.php(12): CodeIgniter\Debug\Exceptions->errorHandler(8, 'Undefined index...', 'C:\\xampp\\htdocs...', 12, Array)
#1 C:\xampp\htdocs\New folder\vendor\codeigniter4\framework\system\View\View.php(214): include('C:\\xampp\\htdocs...')
#2 C:\xampp\htdocs\New folder\vendor\codeigniter4\framework\system\View\View.php(217): CodeIgniter\View\View->CodeIgniter\View\{closure}()
#3 C:\xampp\htdocs\New folder\vendor\codeigniter4\framework\system\Common.php(1092): CodeIgniter\View\View->render('v_home/home', Array, true)
#4 C:\xampp\htdocs\New folder\app\Controllers\Home.php(12): view('v_home/home', Array)
#5 C:\xampp\htdocs\New folder\vendor\codeigniter4\framework\system\CodeIgniter.php(802): App\Controllers\Home->index()
#6 C:\xampp\htdocs\New folder\vendor\codeigniter4\framework\system\CodeIgniter.php(399): CodeIgniter\CodeIgniter->runController(Object(App\Controllers\Home))
#7 C:\xampp\htdocs\New folder\vendor\codeigniter4\framework\system\CodeIgniter.php(317): CodeIgniter\CodeIgniter->handleRequest(NULL, Object(Config\Cache), false)
#8 C:\xampp\htdocs\New folder\public\index.php(37): CodeIgniter\CodeIgniter->run()
#9 C:\xampp\htdocs\New folder\vendor\codeigniter4\framework\system\Commands\Server\rewrite.php(43): require_once('C:\\xampp\\htdocs...')
#10 {main}
CRITICAL - 2021-10-03 11:11:48 --> Undefined variable: tgl_lulus_adm
#0 C:\xampp\htdocs\New folder\app\Views\v_home\home.php(123): CodeIgniter\Debug\Exceptions->errorHandler(8, 'Undefined varia...', 'C:\\xampp\\htdocs...', 123, Array)
#1 C:\xampp\htdocs\New folder\vendor\codeigniter4\framework\system\View\View.php(214): include('C:\\xampp\\htdocs...')
#2 C:\xampp\htdocs\New folder\vendor\codeigniter4\framework\system\View\View.php(217): CodeIgniter\View\View->CodeIgniter\View\{closure}()
#3 C:\xampp\htdocs\New folder\vendor\codeigniter4\framework\system\Common.php(1092): CodeIgniter\View\View->render('v_home/home', Array, true)
#4 C:\xampp\htdocs\New folder\app\Controllers\Home.php(12): view('v_home/home', Array)
#5 C:\xampp\htdocs\New folder\vendor\codeigniter4\framework\system\CodeIgniter.php(802): App\Controllers\Home->index()
#6 C:\xampp\htdocs\New folder\vendor\codeigniter4\framework\system\CodeIgniter.php(399): CodeIgniter\CodeIgniter->runController(Object(App\Controllers\Home))
#7 C:\xampp\htdocs\New folder\vendor\codeigniter4\framework\system\CodeIgniter.php(317): CodeIgniter\CodeIgniter->handleRequest(NULL, Object(Config\Cache), false)
#8 C:\xampp\htdocs\New folder\public\index.php(37): CodeIgniter\CodeIgniter->run()
#9 C:\xampp\htdocs\New folder\vendor\codeigniter4\framework\system\Commands\Server\rewrite.php(43): require_once('C:\\xampp\\htdocs...')
#10 {main}
CRITICAL - 2021-10-03 11:12:11 --> Undefined index: nama_lab
#0 C:\xampp\htdocs\New folder\app\Views\v_home\pengumuman\formasi_asisten.php(29): CodeIgniter\Debug\Exceptions->errorHandler(8, 'Undefined index...', 'C:\\xampp\\htdocs...', 29, Array)
#1 C:\xampp\htdocs\New folder\vendor\codeigniter4\framework\system\View\View.php(214): include('C:\\xampp\\htdocs...')
#2 C:\xampp\htdocs\New folder\vendor\codeigniter4\framework\system\View\View.php(217): CodeIgniter\View\View->CodeIgniter\View\{closure}()
#3 C:\xampp\htdocs\New folder\vendor\codeigniter4\framework\system\Common.php(1092): CodeIgniter\View\View->render('v_home/pengumum...', Array, true)
#4 C:\xampp\htdocs\New folder\app\Controllers\Home.php(21): view('v_home/pengumum...', Array)
#5 C:\xampp\htdocs\New folder\vendor\codeigniter4\framework\system\CodeIgniter.php(802): App\Controllers\Home->formasi_asisten()
#6 C:\xampp\htdocs\New folder\vendor\codeigniter4\framework\system\CodeIgniter.php(399): CodeIgniter\CodeIgniter->runController(Object(App\Controllers\Home))
#7 C:\xampp\htdocs\New folder\vendor\codeigniter4\framework\system\CodeIgniter.php(317): CodeIgniter\CodeIgniter->handleRequest(NULL, Object(Config\Cache), false)
#8 C:\xampp\htdocs\New folder\public\index.php(37): CodeIgniter\CodeIgniter->run()
#9 C:\xampp\htdocs\New folder\vendor\codeigniter4\framework\system\Commands\Server\rewrite.php(43): require_once('C:\\xampp\\htdocs...')
#10 {main}
CRITICAL - 2021-10-03 11:12:21 --> Undefined index: nama_lab
#0 C:\xampp\htdocs\New folder\app\Views\v_home\pengumuman\formasi_asisten.php(29): CodeIgniter\Debug\Exceptions->errorHandler(8, 'Undefined index...', 'C:\\xampp\\htdocs...', 29, Array)
#1 C:\xampp\htdocs\New folder\vendor\codeigniter4\framework\system\View\View.php(214): include('C:\\xampp\\htdocs...')
#2 C:\xampp\htdocs\New folder\vendor\codeigniter4\framework\system\View\View.php(217): CodeIgniter\View\View->CodeIgniter\View\{closure}()
#3 C:\xampp\htdocs\New folder\vendor\codeigniter4\framework\system\Common.php(1092): CodeIgniter\View\View->render('v_home/pengumum...', Array, true)
#4 C:\xampp\htdocs\New folder\app\Controllers\Home.php(21): view('v_home/pengumum...', Array)
#5 C:\xampp\htdocs\New folder\vendor\codeigniter4\framework\system\CodeIgniter.php(802): App\Controllers\Home->formasi_asisten()
#6 C:\xampp\htdocs\New folder\vendor\codeigniter4\framework\system\CodeIgniter.php(399): CodeIgniter\CodeIgniter->runController(Object(App\Controllers\Home))
#7 C:\xampp\htdocs\New folder\vendor\codeigniter4\framework\system\CodeIgniter.php(317): CodeIgniter\CodeIgniter->handleRequest(NULL, Object(Config\Cache), false)
#8 C:\xampp\htdocs\New folder\public\index.php(37): CodeIgniter\CodeIgniter->run()
#9 C:\xampp\htdocs\New folder\vendor\codeigniter4\framework\system\Commands\Server\rewrite.php(43): require_once('C:\\xampp\\htdocs...')
#10 {main}
CRITICAL - 2021-10-03 11:12:29 --> Undefined index: nama_lab
#0 C:\xampp\htdocs\New folder\app\Views\v_home\pengumuman\formasi_asisten.php(29): CodeIgniter\Debug\Exceptions->errorHandler(8, 'Undefined index...', 'C:\\xampp\\htdocs...', 29, Array)
#1 C:\xampp\htdocs\New folder\vendor\codeigniter4\framework\system\View\View.php(214): include('C:\\xampp\\htdocs...')
#2 C:\xampp\htdocs\New folder\vendor\codeigniter4\framework\system\View\View.php(217): CodeIgniter\View\View->CodeIgniter\View\{closure}()
#3 C:\xampp\htdocs\New folder\vendor\codeigniter4\framework\system\Common.php(1092): CodeIgniter\View\View->render('v_home/pengumum...', Array, true)
#4 C:\xampp\htdocs\New folder\app\Controllers\Home.php(21): view('v_home/pengumum...', Array)
#5 C:\xampp\htdocs\New folder\vendor\codeigniter4\framework\system\CodeIgniter.php(802): App\Controllers\Home->formasi_asisten()
#6 C:\xampp\htdocs\New folder\vendor\codeigniter4\framework\system\CodeIgniter.php(399): CodeIgniter\CodeIgniter->runController(Object(App\Controllers\Home))
#7 C:\xampp\htdocs\New folder\vendor\codeigniter4\framework\system\CodeIgniter.php(317): CodeIgniter\CodeIgniter->handleRequest(NULL, Object(Config\Cache), false)
#8 C:\xampp\htdocs\New folder\public\index.php(37): CodeIgniter\CodeIgniter->run()
#9 C:\xampp\htdocs\New folder\vendor\codeigniter4\framework\system\Commands\Server\rewrite.php(43): require_once('C:\\xampp\\htdocs...')
#10 {main}
CRITICAL - 2021-10-03 11:12:49 --> Undefined index: total_nilai
#0 C:\xampp\htdocs\New folder\app\Views\v_home\pengumuman\passing_grade.php(31): CodeIgniter\Debug\Exceptions->errorHandler(8, 'Undefined index...', 'C:\\xampp\\htdocs...', 31, Array)
#1 C:\xampp\htdocs\New folder\vendor\codeigniter4\framework\system\View\View.php(214): include('C:\\xampp\\htdocs...')
#2 C:\xampp\htdocs\New folder\vendor\codeigniter4\framework\system\View\View.php(217): CodeIgniter\View\View->CodeIgniter\View\{closure}()
#3 C:\xampp\htdocs\New folder\vendor\codeigniter4\framework\system\Common.php(1092): CodeIgniter\View\View->render('v_home/pengumum...', Array, true)
#4 C:\xampp\htdocs\New folder\app\Controllers\Home.php(39): view('v_home/pengumum...', Array)
#5 C:\xampp\htdocs\New folder\vendor\codeigniter4\framework\system\CodeIgniter.php(802): App\Controllers\Home->passing_grade()
#6 C:\xampp\htdocs\New folder\vendor\codeigniter4\framework\system\CodeIgniter.php(399): CodeIgniter\CodeIgniter->runController(Object(App\Controllers\Home))
#7 C:\xampp\htdocs\New folder\vendor\codeigniter4\framework\system\CodeIgniter.php(317): CodeIgniter\CodeIgniter->handleRequest(NULL, Object(Config\Cache), false)
#8 C:\xampp\htdocs\New folder\public\index.php(37): CodeIgniter\CodeIgniter->run()
#9 C:\xampp\htdocs\New folder\vendor\codeigniter4\framework\system\Commands\Server\rewrite.php(43): require_once('C:\\xampp\\htdocs...')
#10 {main}
CRITICAL - 2021-10-03 11:15:00 --> Undefined index: nama_peminatan
#0 C:\xampp\htdocs\New folder\app\Views\v_admin\data_nilai\index.php(32): CodeIgniter\Debug\Exceptions->errorHandler(8, 'Undefined index...', 'C:\\xampp\\htdocs...', 32, Array)
#1 C:\xampp\htdocs\New folder\app\Views\v_admin\v_app.php(73): include('C:\\xampp\\htdocs...')
#2 C:\xampp\htdocs\New folder\vendor\codeigniter4\framework\system\View\View.php(214): include('C:\\xampp\\htdocs...')
#3 C:\xampp\htdocs\New folder\vendor\codeigniter4\framework\system\View\View.php(217): CodeIgniter\View\View->CodeIgniter\View\{closure}()
#4 C:\xampp\htdocs\New folder\vendor\codeigniter4\framework\system\Common.php(1092): CodeIgniter\View\View->render('v_admin/v_app', Array, true)
#5 C:\xampp\htdocs\New folder\app\Controllers\Admin\DataNilai.php(22): view('v_admin/v_app', Array)
#6 C:\xampp\htdocs\New folder\vendor\codeigniter4\framework\system\CodeIgniter.php(802): App\Controllers\Admin\DataNilai->formasi('1')
#7 C:\xampp\htdocs\New folder\vendor\codeigniter4\framework\system\CodeIgniter.php(399): CodeIgniter\CodeIgniter->runController(Object(App\Controllers\Admin\DataNilai))
#8 C:\xampp\htdocs\New folder\vendor\codeigniter4\framework\system\CodeIgniter.php(317): CodeIgniter\CodeIgniter->handleRequest(NULL, Object(Config\Cache), false)
#9 C:\xampp\htdocs\New folder\public\index.php(37): CodeIgniter\CodeIgniter->run()
#10 C:\xampp\htdocs\New folder\vendor\codeigniter4\framework\system\Commands\Server\rewrite.php(43): require_once('C:\\xampp\\htdocs...')
#11 {main}
CRITICAL - 2021-10-03 11:15:50 --> Undefined index: nama_peminatan
#0 C:\xampp\htdocs\New folder\app\Views\v_admin\data_nilai\index.php(32): CodeIgniter\Debug\Exceptions->errorHandler(8, 'Undefined index...', 'C:\\xampp\\htdocs...', 32, Array)
#1 C:\xampp\htdocs\New folder\app\Views\v_admin\v_app.php(73): include('C:\\xampp\\htdocs...')
#2 C:\xampp\htdocs\New folder\vendor\codeigniter4\framework\system\View\View.php(214): include('C:\\xampp\\htdocs...')
#3 C:\xampp\htdocs\New folder\vendor\codeigniter4\framework\system\View\View.php(217): CodeIgniter\View\View->CodeIgniter\View\{closure}()
#4 C:\xampp\htdocs\New folder\vendor\codeigniter4\framework\system\Common.php(1092): CodeIgniter\View\View->render('v_admin/v_app', Array, true)
#5 C:\xampp\htdocs\New folder\app\Controllers\Admin\DataNilai.php(22): view('v_admin/v_app', Array)
#6 C:\xampp\htdocs\New folder\vendor\codeigniter4\framework\system\CodeIgniter.php(802): App\Controllers\Admin\DataNilai->formasi('1')
#7 C:\xampp\htdocs\New folder\vendor\codeigniter4\framework\system\CodeIgniter.php(399): CodeIgniter\CodeIgniter->runController(Object(App\Controllers\Admin\DataNilai))
#8 C:\xampp\htdocs\New folder\vendor\codeigniter4\framework\system\CodeIgniter.php(317): CodeIgniter\CodeIgniter->handleRequest(NULL, Object(Config\Cache), false)
#9 C:\xampp\htdocs\New folder\public\index.php(37): CodeIgniter\CodeIgniter->run()
#10 C:\xampp\htdocs\New folder\vendor\codeigniter4\framework\system\Commands\Server\rewrite.php(43): require_once('C:\\xampp\\htdocs...')
#11 {main}
ERROR - 2021-10-03 11:23:49 --> You have an error in your SQL syntax; check the manual that corresponds to your MariaDB server version for the right syntax to use near 'ASC' at line 4
CRITICAL - 2021-10-03 11:23:49 --> You have an error in your SQL syntax; check the manual that corresponds to your MariaDB server version for the right syntax to use near 'ASC' at line 4
#0 C:\xampp\htdocs\New folder\vendor\codeigniter4\framework\system\Database\MySQLi\Connection.php(280): mysqli->query('SELECT *\nFROM `...')
#1 C:\xampp\htdocs\New folder\vendor\codeigniter4\framework\system\Database\BaseConnection.php(663): CodeIgniter\Database\MySQLi\Connection->execute('SELECT *\nFROM `...')
#2 C:\xampp\htdocs\New folder\vendor\codeigniter4\framework\system\Database\BaseConnection.php(591): CodeIgniter\Database\BaseConnection->simpleQuery('SELECT *\nFROM `...')
#3 C:\xampp\htdocs\New folder\vendor\codeigniter4\framework\system\Database\BaseBuilder.php(1428): CodeIgniter\Database\BaseConnection->query('SELECT *\nFROM `...', Array, false)
#4 C:\xampp\htdocs\New folder\vendor\codeigniter4\framework\system\Model.php(183): CodeIgniter\Database\BaseBuilder->get()
#5 C:\xampp\htdocs\New folder\vendor\codeigniter4\framework\system\BaseModel.php(584): CodeIgniter\Model->doFindAll(0, 0)
#6 C:\xampp\htdocs\New folder\app\Controllers\Admin\DataNilai.php(18): CodeIgniter\BaseModel->findAll()
#7 C:\xampp\htdocs\New folder\vendor\codeigniter4\framework\system\CodeIgniter.php(802): App\Controllers\Admin\DataNilai->formasi('2')
#8 C:\xampp\htdocs\New folder\vendor\codeigniter4\framework\system\CodeIgniter.php(399): CodeIgniter\CodeIgniter->runController(Object(App\Controllers\Admin\DataNilai))
#9 C:\xampp\htdocs\New folder\vendor\codeigniter4\framework\system\CodeIgniter.php(317): CodeIgniter\CodeIgniter->handleRequest(NULL, Object(Config\Cache), false)
#10 C:\xampp\htdocs\New folder\public\index.php(37): CodeIgniter\CodeIgniter->run()
#11 C:\xampp\htdocs\New folder\vendor\codeigniter4\framework\system\Commands\Server\rewrite.php(43): require_once('C:\\xampp\\htdocs...')
#12 {main}
ERROR - 2021-10-03 11:24:24 --> You have an error in your SQL syntax; check the manual that corresponds to your MariaDB server version for the right syntax to use near 'ASC' at line 4
CRITICAL - 2021-10-03 11:24:24 --> You have an error in your SQL syntax; check the manual that corresponds to your MariaDB server version for the right syntax to use near 'ASC' at line 4
#0 C:\xampp\htdocs\New folder\vendor\codeigniter4\framework\system\Database\MySQLi\Connection.php(280): mysqli->query('SELECT *\nFROM `...')
#1 C:\xampp\htdocs\New folder\vendor\codeigniter4\framework\system\Database\BaseConnection.php(663): CodeIgniter\Database\MySQLi\Connection->execute('SELECT *\nFROM `...')
#2 C:\xampp\htdocs\New folder\vendor\codeigniter4\framework\system\Database\BaseConnection.php(591): CodeIgniter\Database\BaseConnection->simpleQuery('SELECT *\nFROM `...')
#3 C:\xampp\htdocs\New folder\vendor\codeigniter4\framework\system\Database\BaseBuilder.php(1428): CodeIgniter\Database\BaseConnection->query('SELECT *\nFROM `...', Array, false)
#4 C:\xampp\htdocs\New folder\vendor\codeigniter4\framework\system\Model.php(183): CodeIgniter\Database\BaseBuilder->get()
#5 C:\xampp\htdocs\New folder\vendor\codeigniter4\framework\system\BaseModel.php(584): CodeIgniter\Model->doFindAll(0, 0)
#6 C:\xampp\htdocs\New folder\app\Controllers\Admin\DataNilai.php(18): CodeIgniter\BaseModel->findAll()
#7 C:\xampp\htdocs\New folder\vendor\codeigniter4\framework\system\CodeIgniter.php(802): App\Controllers\Admin\DataNilai->formasi('2')
#8 C:\xampp\htdocs\New folder\vendor\codeigniter4\framework\system\CodeIgniter.php(399): CodeIgniter\CodeIgniter->runController(Object(App\Controllers\Admin\DataNilai))
#9 C:\xampp\htdocs\New folder\vendor\codeigniter4\framework\system\CodeIgniter.php(317): CodeIgniter\CodeIgniter->handleRequest(NULL, Object(Config\Cache), false)
#10 C:\xampp\htdocs\New folder\public\index.php(37): CodeIgniter\CodeIgniter->run()
#11 C:\xampp\htdocs\New folder\vendor\codeigniter4\framework\system\Commands\Server\rewrite.php(43): require_once('C:\\xampp\\htdocs...')
#12 {main}
ERROR - 2021-10-03 11:24:28 --> You have an error in your SQL syntax; check the manual that corresponds to your MariaDB server version for the right syntax to use near 'ASC' at line 4
CRITICAL - 2021-10-03 11:24:28 --> You have an error in your SQL syntax; check the manual that corresponds to your MariaDB server version for the right syntax to use near 'ASC' at line 4
#0 C:\xampp\htdocs\New folder\vendor\codeigniter4\framework\system\Database\MySQLi\Connection.php(280): mysqli->query('SELECT *\nFROM `...')
#1 C:\xampp\htdocs\New folder\vendor\codeigniter4\framework\system\Database\BaseConnection.php(663): CodeIgniter\Database\MySQLi\Connection->execute('SELECT *\nFROM `...')
#2 C:\xampp\htdocs\New folder\vendor\codeigniter4\framework\system\Database\BaseConnection.php(591): CodeIgniter\Database\BaseConnection->simpleQuery('SELECT *\nFROM `...')
#3 C:\xampp\htdocs\New folder\vendor\codeigniter4\framework\system\Database\BaseBuilder.php(1428): CodeIgniter\Database\BaseConnection->query('SELECT *\nFROM `...', Array, false)
#4 C:\xampp\htdocs\New folder\vendor\codeigniter4\framework\system\Model.php(183): CodeIgniter\Database\BaseBuilder->get()
#5 C:\xampp\htdocs\New folder\vendor\codeigniter4\framework\system\BaseModel.php(584): CodeIgniter\Model->doFindAll(0, 0)
#6 C:\xampp\htdocs\New folder\app\Controllers\Admin\DataNilai.php(18): CodeIgniter\BaseModel->findAll()
#7 C:\xampp\htdocs\New folder\vendor\codeigniter4\framework\system\CodeIgniter.php(802): App\Controllers\Admin\DataNilai->formasi('2')
#8 C:\xampp\htdocs\New folder\vendor\codeigniter4\framework\system\CodeIgniter.php(399): CodeIgniter\CodeIgniter->runController(Object(App\Controllers\Admin\DataNilai))
#9 C:\xampp\htdocs\New folder\vendor\codeigniter4\framework\system\CodeIgniter.php(317): CodeIgniter\CodeIgniter->handleRequest(NULL, Object(Config\Cache), false)
#10 C:\xampp\htdocs\New folder\public\index.php(37): CodeIgniter\CodeIgniter->run()
#11 C:\xampp\htdocs\New folder\vendor\codeigniter4\framework\system\Commands\Server\rewrite.php(43): require_once('C:\\xampp\\htdocs...')
#12 {main}
ERROR - 2021-10-03 11:25:10 --> You have an error in your SQL syntax; check the manual that corresponds to your MariaDB server version for the right syntax to use near 'ASC' at line 4
CRITICAL - 2021-10-03 11:25:10 --> You have an error in your SQL syntax; check the manual that corresponds to your MariaDB server version for the right syntax to use near 'ASC' at line 4
#0 C:\xampp\htdocs\New folder\vendor\codeigniter4\framework\system\Database\MySQLi\Connection.php(280): mysqli->query('SELECT *\nFROM `...')
#1 C:\xampp\htdocs\New folder\vendor\codeigniter4\framework\system\Database\BaseConnection.php(663): CodeIgniter\Database\MySQLi\Connection->execute('SELECT *\nFROM `...')
#2 C:\xampp\htdocs\New folder\vendor\codeigniter4\framework\system\Database\BaseConnection.php(591): CodeIgniter\Database\BaseConnection->simpleQuery('SELECT *\nFROM `...')
#3 C:\xampp\htdocs\New folder\vendor\codeigniter4\framework\system\Database\BaseBuilder.php(1428): CodeIgniter\Database\BaseConnection->query('SELECT *\nFROM `...', Array, false)
#4 C:\xampp\htdocs\New folder\vendor\codeigniter4\framework\system\Model.php(183): CodeIgniter\Database\BaseBuilder->get()
#5 C:\xampp\htdocs\New folder\vendor\codeigniter4\framework\system\BaseModel.php(584): CodeIgniter\Model->doFindAll(0, 0)
#6 C:\xampp\htdocs\New folder\app\Controllers\Admin\DataNilai.php(20): CodeIgniter\BaseModel->findAll()
#7 C:\xampp\htdocs\New folder\vendor\codeigniter4\framework\system\CodeIgniter.php(802): App\Controllers\Admin\DataNilai->formasi('2')
#8 C:\xampp\htdocs\New folder\vendor\codeigniter4\framework\system\CodeIgniter.php(399): CodeIgniter\CodeIgniter->runController(Object(App\Controllers\Admin\DataNilai))
#9 C:\xampp\htdocs\New folder\vendor\codeigniter4\framework\system\CodeIgniter.php(317): CodeIgniter\CodeIgniter->handleRequest(NULL, Object(Config\Cache), false)
#10 C:\xampp\htdocs\New folder\public\index.php(37): CodeIgniter\CodeIgniter->run()
#11 C:\xampp\htdocs\New folder\vendor\codeigniter4\framework\system\Commands\Server\rewrite.php(43): require_once('C:\\xampp\\htdocs...')
#12 {main}
ERROR - 2021-10-03 11:25:28 --> Unknown column 'id_peminatan' in 'where clause'
CRITICAL - 2021-10-03 11:25:28 --> Unknown column 'id_peminatan' in 'where clause'
#0 C:\xampp\htdocs\New folder\vendor\codeigniter4\framework\system\Database\MySQLi\Connection.php(280): mysqli->query('SELECT *\nFROM `...')
#1 C:\xampp\htdocs\New folder\vendor\codeigniter4\framework\system\Database\BaseConnection.php(663): CodeIgniter\Database\MySQLi\Connection->execute('SELECT *\nFROM `...')
#2 C:\xampp\htdocs\New folder\vendor\codeigniter4\framework\system\Database\BaseConnection.php(591): CodeIgniter\Database\BaseConnection->simpleQuery('SELECT *\nFROM `...')
#3 C:\xampp\htdocs\New folder\vendor\codeigniter4\framework\system\Database\BaseBuilder.php(1428): CodeIgniter\Database\BaseConnection->query('SELECT *\nFROM `...', Array, false)
#4 C:\xampp\htdocs\New folder\vendor\codeigniter4\framework\system\Model.php(183): CodeIgniter\Database\BaseBuilder->get()
#5 C:\xampp\htdocs\New folder\vendor\codeigniter4\framework\system\BaseModel.php(584): CodeIgniter\Model->doFindAll(0, 0)
#6 C:\xampp\htdocs\New folder\app\Controllers\Admin\DataNilai.php(20): CodeIgniter\BaseModel->findAll()
#7 C:\xampp\htdocs\New folder\vendor\codeigniter4\framework\system\CodeIgniter.php(802): App\Controllers\Admin\DataNilai->formasi('2')
#8 C:\xampp\htdocs\New folder\vendor\codeigniter4\framework\system\CodeIgniter.php(399): CodeIgniter\CodeIgniter->runController(Object(App\Controllers\Admin\DataNilai))
#9 C:\xampp\htdocs\New folder\vendor\codeigniter4\framework\system\CodeIgniter.php(317): CodeIgniter\CodeIgniter->handleRequest(NULL, Object(Config\Cache), false)
#10 C:\xampp\htdocs\New folder\public\index.php(37): CodeIgniter\CodeIgniter->run()
#11 C:\xampp\htdocs\New folder\vendor\codeigniter4\framework\system\Commands\Server\rewrite.php(43): require_once('C:\\xampp\\htdocs...')
#12 {main}
ERROR - 2021-10-03 11:26:47 --> Unknown column 'id_peminatan' in 'where clause'
CRITICAL - 2021-10-03 11:26:47 --> Unknown column 'id_peminatan' in 'where clause'
#0 C:\xampp\htdocs\New folder\vendor\codeigniter4\framework\system\Database\MySQLi\Connection.php(280): mysqli->query('SELECT *\nFROM `...')
#1 C:\xampp\htdocs\New folder\vendor\codeigniter4\framework\system\Database\BaseConnection.php(663): CodeIgniter\Database\MySQLi\Connection->execute('SELECT *\nFROM `...')
#2 C:\xampp\htdocs\New folder\vendor\codeigniter4\framework\system\Database\BaseConnection.php(591): CodeIgniter\Database\BaseConnection->simpleQuery('SELECT *\nFROM `...')
#3 C:\xampp\htdocs\New folder\vendor\codeigniter4\framework\system\Database\BaseBuilder.php(1428): CodeIgniter\Database\BaseConnection->query('SELECT *\nFROM `...', Array, false)
#4 C:\xampp\htdocs\New folder\vendor\codeigniter4\framework\system\Model.php(183): CodeIgniter\Database\BaseBuilder->get()
#5 C:\xampp\htdocs\New folder\vendor\codeigniter4\framework\system\BaseModel.php(584): CodeIgniter\Model->doFindAll(0, 0)
#6 C:\xampp\htdocs\New folder\app\Controllers\Admin\DataNilai.php(20): CodeIgniter\BaseModel->findAll()
#7 C:\xampp\htdocs\New folder\vendor\codeigniter4\framework\system\CodeIgniter.php(802): App\Controllers\Admin\DataNilai->formasi('2')
#8 C:\xampp\htdocs\New folder\vendor\codeigniter4\framework\system\CodeIgniter.php(399): CodeIgniter\CodeIgniter->runController(Object(App\Controllers\Admin\DataNilai))
#9 C:\xampp\htdocs\New folder\vendor\codeigniter4\framework\system\CodeIgniter.php(317): CodeIgniter\CodeIgniter->handleRequest(NULL, Object(Config\Cache), false)
#10 C:\xampp\htdocs\New folder\public\index.php(37): CodeIgniter\CodeIgniter->run()
#11 C:\xampp\htdocs\New folder\vendor\codeigniter4\framework\system\Commands\Server\rewrite.php(43): require_once('C:\\xampp\\htdocs...')
#12 {main}
ERROR - 2021-10-03 11:29:07 --> Unknown column 'id_peminatan' in 'where clause'
CRITICAL - 2021-10-03 11:29:07 --> Unknown column 'id_peminatan' in 'where clause'
#0 C:\xampp\htdocs\New folder\vendor\codeigniter4\framework\system\Database\MySQLi\Connection.php(280): mysqli->query('SELECT *\nFROM `...')
#1 C:\xampp\htdocs\New folder\vendor\codeigniter4\framework\system\Database\BaseConnection.php(663): CodeIgniter\Database\MySQLi\Connection->execute('SELECT *\nFROM `...')
#2 C:\xampp\htdocs\New folder\vendor\codeigniter4\framework\system\Database\BaseConnection.php(591): CodeIgniter\Database\BaseConnection->simpleQuery('SELECT *\nFROM `...')
#3 C:\xampp\htdocs\New folder\vendor\codeigniter4\framework\system\Database\BaseBuilder.php(1428): CodeIgniter\Database\BaseConnection->query('SELECT *\nFROM `...', Array, false)
#4 C:\xampp\htdocs\New folder\vendor\codeigniter4\framework\system\Model.php(183): CodeIgniter\Database\BaseBuilder->get()
#5 C:\xampp\htdocs\New folder\vendor\codeigniter4\framework\system\BaseModel.php(584): CodeIgniter\Model->doFindAll(999, 0)
#6 C:\xampp\htdocs\New folder\app\Controllers\Admin\DataNilai.php(20): CodeIgniter\BaseModel->findAll(999)
#7 C:\xampp\htdocs\New folder\vendor\codeigniter4\framework\system\CodeIgniter.php(802): App\Controllers\Admin\DataNilai->formasi('2')
#8 C:\xampp\htdocs\New folder\vendor\codeigniter4\framework\system\CodeIgniter.php(399): CodeIgniter\CodeIgniter->runController(Object(App\Controllers\Admin\DataNilai))
#9 C:\xampp\htdocs\New folder\vendor\codeigniter4\framework\system\CodeIgniter.php(317): CodeIgniter\CodeIgniter->handleRequest(NULL, Object(Config\Cache), false)
#10 C:\xampp\htdocs\New folder\public\index.php(37): CodeIgniter\CodeIgniter->run()
#11 C:\xampp\htdocs\New folder\vendor\codeigniter4\framework\system\Commands\Server\rewrite.php(43): require_once('C:\\xampp\\htdocs...')
#12 {main}
CRITICAL - 2021-10-03 11:59:16 --> Undefined index: id_peserta
#0 C:\xampp\htdocs\New folder\app\Controllers\Admin\DataNilai.php(20): CodeIgniter\Debug\Exceptions->errorHandler(8, 'Undefined index...', 'C:\\xampp\\htdocs...', 20, Array)
#1 C:\xampp\htdocs\New folder\vendor\codeigniter4\framework\system\CodeIgniter.php(802): App\Controllers\Admin\DataNilai->formasi('2')
#2 C:\xampp\htdocs\New folder\vendor\codeigniter4\framework\system\CodeIgniter.php(399): CodeIgniter\CodeIgniter->runController(Object(App\Controllers\Admin\DataNilai))
#3 C:\xampp\htdocs\New folder\vendor\codeigniter4\framework\system\CodeIgniter.php(317): CodeIgniter\CodeIgniter->handleRequest(NULL, Object(Config\Cache), false)
#4 C:\xampp\htdocs\New folder\public\index.php(37): CodeIgniter\CodeIgniter->run()
#5 C:\xampp\htdocs\New folder\vendor\codeigniter4\framework\system\Commands\Server\rewrite.php(43): require_once('C:\\xampp\\htdocs...')
#6 {main}
