CRITICAL - 2021-10-01 00:00:46 --> Undefined index: waktu_pengerjaan
#0 C:\xampp\htdocs\New folder\app\Views\v_peserta\v_app.php(6): CodeIgniter\Debug\Exceptions->errorHandler(8, 'Undefined index...', 'C:\\xampp\\htdocs...', 6, Array)
#1 C:\xampp\htdocs\New folder\vendor\codeigniter4\framework\system\View\View.php(214): include('C:\\xampp\\htdocs...')
#2 C:\xampp\htdocs\New folder\vendor\codeigniter4\framework\system\View\View.php(217): CodeIgniter\View\View->CodeIgniter\View\{closure}()
#3 C:\xampp\htdocs\New folder\vendor\codeigniter4\framework\system\Common.php(1092): CodeIgniter\View\View->render('v_peserta/v_app', Array, true)
#4 C:\xampp\htdocs\New folder\app\Controllers\Peserta.php(145): view('v_peserta/v_app', Array)
#5 C:\xampp\htdocs\New folder\vendor\codeigniter4\framework\system\CodeIgniter.php(802): App\Controllers\Peserta->ujian_cat('1')
#6 C:\xampp\htdocs\New folder\vendor\codeigniter4\framework\system\CodeIgniter.php(399): CodeIgniter\CodeIgniter->runController(Object(App\Controllers\Peserta))
#7 C:\xampp\htdocs\New folder\vendor\codeigniter4\framework\system\CodeIgniter.php(317): CodeIgniter\CodeIgniter->handleRequest(NULL, Object(Config\Cache), false)
#8 C:\xampp\htdocs\New folder\public\index.php(37): CodeIgniter\CodeIgniter->run()
#9 C:\xampp\htdocs\New folder\vendor\codeigniter4\framework\system\Commands\Server\rewrite.php(43): require_once('C:\\xampp\\htdocs...')
#10 {main}
CRITICAL - 2021-10-01 00:01:41 --> Undefined index: waktu_pengerjaan
#0 C:\xampp\htdocs\New folder\app\Views\v_peserta\v_app.php(6): CodeIgniter\Debug\Exceptions->errorHandler(8, 'Undefined index...', 'C:\\xampp\\htdocs...', 6, Array)
#1 C:\xampp\htdocs\New folder\vendor\codeigniter4\framework\system\View\View.php(214): include('C:\\xampp\\htdocs...')
#2 C:\xampp\htdocs\New folder\vendor\codeigniter4\framework\system\View\View.php(217): CodeIgniter\View\View->CodeIgniter\View\{closure}()
#3 C:\xampp\htdocs\New folder\vendor\codeigniter4\framework\system\Common.php(1092): CodeIgniter\View\View->render('v_peserta/v_app', Array, true)
#4 C:\xampp\htdocs\New folder\app\Controllers\Peserta.php(145): view('v_peserta/v_app', Array)
#5 C:\xampp\htdocs\New folder\vendor\codeigniter4\framework\system\CodeIgniter.php(802): App\Controllers\Peserta->ujian_cat('1')
#6 C:\xampp\htdocs\New folder\vendor\codeigniter4\framework\system\CodeIgniter.php(399): CodeIgniter\CodeIgniter->runController(Object(App\Controllers\Peserta))
#7 C:\xampp\htdocs\New folder\vendor\codeigniter4\framework\system\CodeIgniter.php(317): CodeIgniter\CodeIgniter->handleRequest(NULL, Object(Config\Cache), false)
#8 C:\xampp\htdocs\New folder\public\index.php(37): CodeIgniter\CodeIgniter->run()
#9 C:\xampp\htdocs\New folder\vendor\codeigniter4\framework\system\Commands\Server\rewrite.php(43): require_once('C:\\xampp\\htdocs...')
#10 {main}
CRITICAL - 2021-10-01 00:01:53 --> Undefined index: waktu_pengerjaan
#0 C:\xampp\htdocs\New folder\app\Views\v_peserta\v_app.php(6): CodeIgniter\Debug\Exceptions->errorHandler(8, 'Undefined index...', 'C:\\xampp\\htdocs...', 6, Array)
#1 C:\xampp\htdocs\New folder\vendor\codeigniter4\framework\system\View\View.php(214): include('C:\\xampp\\htdocs...')
#2 C:\xampp\htdocs\New folder\vendor\codeigniter4\framework\system\View\View.php(217): CodeIgniter\View\View->CodeIgniter\View\{closure}()
#3 C:\xampp\htdocs\New folder\vendor\codeigniter4\framework\system\Common.php(1092): CodeIgniter\View\View->render('v_peserta/v_app', Array, true)
#4 C:\xampp\htdocs\New folder\app\Controllers\Peserta.php(145): view('v_peserta/v_app', Array)
#5 C:\xampp\htdocs\New folder\vendor\codeigniter4\framework\system\CodeIgniter.php(802): App\Controllers\Peserta->ujian_cat('1')
#6 C:\xampp\htdocs\New folder\vendor\codeigniter4\framework\system\CodeIgniter.php(399): CodeIgniter\CodeIgniter->runController(Object(App\Controllers\Peserta))
#7 C:\xampp\htdocs\New folder\vendor\codeigniter4\framework\system\CodeIgniter.php(317): CodeIgniter\CodeIgniter->handleRequest(NULL, Object(Config\Cache), false)
#8 C:\xampp\htdocs\New folder\public\index.php(37): CodeIgniter\CodeIgniter->run()
#9 C:\xampp\htdocs\New folder\vendor\codeigniter4\framework\system\Commands\Server\rewrite.php(43): require_once('C:\\xampp\\htdocs...')
#10 {main}
CRITICAL - 2021-10-01 00:02:16 --> Undefined index: waktu_pengerjaan
#0 C:\xampp\htdocs\New folder\app\Views\v_peserta\v_app.php(6): CodeIgniter\Debug\Exceptions->errorHandler(8, 'Undefined index...', 'C:\\xampp\\htdocs...', 6, Array)
#1 C:\xampp\htdocs\New folder\vendor\codeigniter4\framework\system\View\View.php(214): include('C:\\xampp\\htdocs...')
#2 C:\xampp\htdocs\New folder\vendor\codeigniter4\framework\system\View\View.php(217): CodeIgniter\View\View->CodeIgniter\View\{closure}()
#3 C:\xampp\htdocs\New folder\vendor\codeigniter4\framework\system\Common.php(1092): CodeIgniter\View\View->render('v_peserta/v_app', Array, true)
#4 C:\xampp\htdocs\New folder\app\Controllers\Peserta.php(145): view('v_peserta/v_app', Array)
#5 C:\xampp\htdocs\New folder\vendor\codeigniter4\framework\system\CodeIgniter.php(802): App\Controllers\Peserta->ujian_cat('1')
#6 C:\xampp\htdocs\New folder\vendor\codeigniter4\framework\system\CodeIgniter.php(399): CodeIgniter\CodeIgniter->runController(Object(App\Controllers\Peserta))
#7 C:\xampp\htdocs\New folder\vendor\codeigniter4\framework\system\CodeIgniter.php(317): CodeIgniter\CodeIgniter->handleRequest(NULL, Object(Config\Cache), false)
#8 C:\xampp\htdocs\New folder\public\index.php(37): CodeIgniter\CodeIgniter->run()
#9 C:\xampp\htdocs\New folder\vendor\codeigniter4\framework\system\Commands\Server\rewrite.php(43): require_once('C:\\xampp\\htdocs...')
#10 {main}
CRITICAL - 2021-10-01 00:02:54 --> Undefined index: waktu_pengerjaan
#0 C:\xampp\htdocs\New folder\app\Views\v_peserta\v_app.php(6): CodeIgniter\Debug\Exceptions->errorHandler(8, 'Undefined index...', 'C:\\xampp\\htdocs...', 6, Array)
#1 C:\xampp\htdocs\New folder\vendor\codeigniter4\framework\system\View\View.php(214): include('C:\\xampp\\htdocs...')
#2 C:\xampp\htdocs\New folder\vendor\codeigniter4\framework\system\View\View.php(217): CodeIgniter\View\View->CodeIgniter\View\{closure}()
#3 C:\xampp\htdocs\New folder\vendor\codeigniter4\framework\system\Common.php(1092): CodeIgniter\View\View->render('v_peserta/v_app', Array, true)
#4 C:\xampp\htdocs\New folder\app\Controllers\Peserta.php(145): view('v_peserta/v_app', Array)
#5 C:\xampp\htdocs\New folder\vendor\codeigniter4\framework\system\CodeIgniter.php(802): App\Controllers\Peserta->ujian_cat('1')
#6 C:\xampp\htdocs\New folder\vendor\codeigniter4\framework\system\CodeIgniter.php(399): CodeIgniter\CodeIgniter->runController(Object(App\Controllers\Peserta))
#7 C:\xampp\htdocs\New folder\vendor\codeigniter4\framework\system\CodeIgniter.php(317): CodeIgniter\CodeIgniter->handleRequest(NULL, Object(Config\Cache), false)
#8 C:\xampp\htdocs\New folder\public\index.php(37): CodeIgniter\CodeIgniter->run()
#9 C:\xampp\htdocs\New folder\vendor\codeigniter4\framework\system\Commands\Server\rewrite.php(43): require_once('C:\\xampp\\htdocs...')
#10 {main}
CRITICAL - 2021-10-01 00:07:35 --> Illegal string offset 'waktu_pengerjaan'
#0 C:\xampp\htdocs\New folder\app\Views\v_peserta\v_app.php(8): CodeIgniter\Debug\Exceptions->errorHandler(2, 'Illegal string ...', 'C:\\xampp\\htdocs...', 8, Array)
#1 C:\xampp\htdocs\New folder\vendor\codeigniter4\framework\system\View\View.php(214): include('C:\\xampp\\htdocs...')
#2 C:\xampp\htdocs\New folder\vendor\codeigniter4\framework\system\View\View.php(217): CodeIgniter\View\View->CodeIgniter\View\{closure}()
#3 C:\xampp\htdocs\New folder\vendor\codeigniter4\framework\system\Common.php(1092): CodeIgniter\View\View->render('v_peserta/v_app', Array, true)
#4 C:\xampp\htdocs\New folder\app\Controllers\Peserta.php(146): view('v_peserta/v_app', Array)
#5 C:\xampp\htdocs\New folder\vendor\codeigniter4\framework\system\CodeIgniter.php(802): App\Controllers\Peserta->ujian_cat('1')
#6 C:\xampp\htdocs\New folder\vendor\codeigniter4\framework\system\CodeIgniter.php(399): CodeIgniter\CodeIgniter->runController(Object(App\Controllers\Peserta))
#7 C:\xampp\htdocs\New folder\vendor\codeigniter4\framework\system\CodeIgniter.php(317): CodeIgniter\CodeIgniter->handleRequest(NULL, Object(Config\Cache), false)
#8 C:\xampp\htdocs\New folder\public\index.php(37): CodeIgniter\CodeIgniter->run()
#9 C:\xampp\htdocs\New folder\vendor\codeigniter4\framework\system\Commands\Server\rewrite.php(43): require_once('C:\\xampp\\htdocs...')
#10 {main}
CRITICAL - 2021-10-01 00:07:52 --> Illegal string offset 'waktu_pengerjaan'
#0 C:\xampp\htdocs\New folder\app\Views\v_peserta\v_app.php(8): CodeIgniter\Debug\Exceptions->errorHandler(2, 'Illegal string ...', 'C:\\xampp\\htdocs...', 8, Array)
#1 C:\xampp\htdocs\New folder\vendor\codeigniter4\framework\system\View\View.php(214): include('C:\\xampp\\htdocs...')
#2 C:\xampp\htdocs\New folder\vendor\codeigniter4\framework\system\View\View.php(217): CodeIgniter\View\View->CodeIgniter\View\{closure}()
#3 C:\xampp\htdocs\New folder\vendor\codeigniter4\framework\system\Common.php(1092): CodeIgniter\View\View->render('v_peserta/v_app', Array, true)
#4 C:\xampp\htdocs\New folder\app\Controllers\Peserta.php(146): view('v_peserta/v_app', Array)
#5 C:\xampp\htdocs\New folder\vendor\codeigniter4\framework\system\CodeIgniter.php(802): App\Controllers\Peserta->ujian_cat('1')
#6 C:\xampp\htdocs\New folder\vendor\codeigniter4\framework\system\CodeIgniter.php(399): CodeIgniter\CodeIgniter->runController(Object(App\Controllers\Peserta))
#7 C:\xampp\htdocs\New folder\vendor\codeigniter4\framework\system\CodeIgniter.php(317): CodeIgniter\CodeIgniter->handleRequest(NULL, Object(Config\Cache), false)
#8 C:\xampp\htdocs\New folder\public\index.php(37): CodeIgniter\CodeIgniter->run()
#9 C:\xampp\htdocs\New folder\vendor\codeigniter4\framework\system\Commands\Server\rewrite.php(43): require_once('C:\\xampp\\htdocs...')
#10 {main}
CRITICAL - 2021-10-01 00:09:49 --> Undefined variable: waktu
#0 C:\xampp\htdocs\New folder\app\Views\v_peserta\v_app.php(8): CodeIgniter\Debug\Exceptions->errorHandler(8, 'Undefined varia...', 'C:\\xampp\\htdocs...', 8, Array)
#1 C:\xampp\htdocs\New folder\vendor\codeigniter4\framework\system\View\View.php(214): include('C:\\xampp\\htdocs...')
#2 C:\xampp\htdocs\New folder\vendor\codeigniter4\framework\system\View\View.php(217): CodeIgniter\View\View->CodeIgniter\View\{closure}()
#3 C:\xampp\htdocs\New folder\vendor\codeigniter4\framework\system\Common.php(1092): CodeIgniter\View\View->render('v_peserta/v_app', Array, true)
#4 C:\xampp\htdocs\New folder\app\Controllers\Peserta.php(28): view('v_peserta/v_app', Array)
#5 C:\xampp\htdocs\New folder\vendor\codeigniter4\framework\system\CodeIgniter.php(802): App\Controllers\Peserta->index()
#6 C:\xampp\htdocs\New folder\vendor\codeigniter4\framework\system\CodeIgniter.php(399): CodeIgniter\CodeIgniter->runController(Object(App\Controllers\Peserta))
#7 C:\xampp\htdocs\New folder\vendor\codeigniter4\framework\system\CodeIgniter.php(317): CodeIgniter\CodeIgniter->handleRequest(NULL, Object(Config\Cache), false)
#8 C:\xampp\htdocs\New folder\public\index.php(37): CodeIgniter\CodeIgniter->run()
#9 C:\xampp\htdocs\New folder\vendor\codeigniter4\framework\system\Commands\Server\rewrite.php(43): require_once('C:\\xampp\\htdocs...')
#10 {main}
CRITICAL - 2021-10-01 00:11:48 --> Undefined variable: waktu
#0 C:\xampp\htdocs\New folder\app\Views\v_peserta\v_app.php(8): CodeIgniter\Debug\Exceptions->errorHandler(8, 'Undefined varia...', 'C:\\xampp\\htdocs...', 8, Array)
#1 C:\xampp\htdocs\New folder\vendor\codeigniter4\framework\system\View\View.php(214): include('C:\\xampp\\htdocs...')
#2 C:\xampp\htdocs\New folder\vendor\codeigniter4\framework\system\View\View.php(217): CodeIgniter\View\View->CodeIgniter\View\{closure}()
#3 C:\xampp\htdocs\New folder\vendor\codeigniter4\framework\system\Common.php(1092): CodeIgniter\View\View->render('v_peserta/v_app', Array, true)
#4 C:\xampp\htdocs\New folder\app\Controllers\Peserta.php(31): view('v_peserta/v_app', Array)
#5 C:\xampp\htdocs\New folder\vendor\codeigniter4\framework\system\CodeIgniter.php(802): App\Controllers\Peserta->index()
#6 C:\xampp\htdocs\New folder\vendor\codeigniter4\framework\system\CodeIgniter.php(399): CodeIgniter\CodeIgniter->runController(Object(App\Controllers\Peserta))
#7 C:\xampp\htdocs\New folder\vendor\codeigniter4\framework\system\CodeIgniter.php(317): CodeIgniter\CodeIgniter->handleRequest(NULL, Object(Config\Cache), false)
#8 C:\xampp\htdocs\New folder\public\index.php(37): CodeIgniter\CodeIgniter->run()
#9 C:\xampp\htdocs\New folder\vendor\codeigniter4\framework\system\Commands\Server\rewrite.php(43): require_once('C:\\xampp\\htdocs...')
#10 {main}
CRITICAL - 2021-10-01 00:12:06 --> Undefined variable: waktu
#0 C:\xampp\htdocs\New folder\app\Views\v_peserta\v_app.php(8): CodeIgniter\Debug\Exceptions->errorHandler(8, 'Undefined varia...', 'C:\\xampp\\htdocs...', 8, Array)
#1 C:\xampp\htdocs\New folder\vendor\codeigniter4\framework\system\View\View.php(214): include('C:\\xampp\\htdocs...')
#2 C:\xampp\htdocs\New folder\vendor\codeigniter4\framework\system\View\View.php(217): CodeIgniter\View\View->CodeIgniter\View\{closure}()
#3 C:\xampp\htdocs\New folder\vendor\codeigniter4\framework\system\Common.php(1092): CodeIgniter\View\View->render('v_peserta/v_app', Array, true)
#4 C:\xampp\htdocs\New folder\app\Controllers\Peserta.php(31): view('v_peserta/v_app', Array)
#5 C:\xampp\htdocs\New folder\vendor\codeigniter4\framework\system\CodeIgniter.php(802): App\Controllers\Peserta->index()
#6 C:\xampp\htdocs\New folder\vendor\codeigniter4\framework\system\CodeIgniter.php(399): CodeIgniter\CodeIgniter->runController(Object(App\Controllers\Peserta))
#7 C:\xampp\htdocs\New folder\vendor\codeigniter4\framework\system\CodeIgniter.php(317): CodeIgniter\CodeIgniter->handleRequest(NULL, Object(Config\Cache), false)
#8 C:\xampp\htdocs\New folder\public\index.php(37): CodeIgniter\CodeIgniter->run()
#9 C:\xampp\htdocs\New folder\vendor\codeigniter4\framework\system\Commands\Server\rewrite.php(43): require_once('C:\\xampp\\htdocs...')
#10 {main}
CRITICAL - 2021-10-01 00:12:33 --> Undefined variable: waktu
#0 C:\xampp\htdocs\New folder\app\Views\v_peserta\v_app.php(8): CodeIgniter\Debug\Exceptions->errorHandler(8, 'Undefined varia...', 'C:\\xampp\\htdocs...', 8, Array)
#1 C:\xampp\htdocs\New folder\vendor\codeigniter4\framework\system\View\View.php(214): include('C:\\xampp\\htdocs...')
#2 C:\xampp\htdocs\New folder\vendor\codeigniter4\framework\system\View\View.php(217): CodeIgniter\View\View->CodeIgniter\View\{closure}()
#3 C:\xampp\htdocs\New folder\vendor\codeigniter4\framework\system\Common.php(1092): CodeIgniter\View\View->render('v_peserta/v_app', Array, true)
#4 C:\xampp\htdocs\New folder\app\Controllers\Peserta.php(31): view('v_peserta/v_app', Array)
#5 C:\xampp\htdocs\New folder\vendor\codeigniter4\framework\system\CodeIgniter.php(802): App\Controllers\Peserta->index()
#6 C:\xampp\htdocs\New folder\vendor\codeigniter4\framework\system\CodeIgniter.php(399): CodeIgniter\CodeIgniter->runController(Object(App\Controllers\Peserta))
#7 C:\xampp\htdocs\New folder\vendor\codeigniter4\framework\system\CodeIgniter.php(317): CodeIgniter\CodeIgniter->handleRequest(NULL, Object(Config\Cache), false)
#8 C:\xampp\htdocs\New folder\public\index.php(37): CodeIgniter\CodeIgniter->run()
#9 C:\xampp\htdocs\New folder\vendor\codeigniter4\framework\system\Commands\Server\rewrite.php(43): require_once('C:\\xampp\\htdocs...')
#10 {main}
CRITICAL - 2021-10-01 00:16:39 --> Undefined variable: x
#0 C:\xampp\htdocs\New folder\app\Controllers\Peserta.php(73): CodeIgniter\Debug\Exceptions->errorHandler(8, 'Undefined varia...', 'C:\\xampp\\htdocs...', 73, Array)
#1 C:\xampp\htdocs\New folder\vendor\codeigniter4\framework\system\CodeIgniter.php(802): App\Controllers\Peserta->acak_soal()
#2 C:\xampp\htdocs\New folder\vendor\codeigniter4\framework\system\CodeIgniter.php(399): CodeIgniter\CodeIgniter->runController(Object(App\Controllers\Peserta))
#3 C:\xampp\htdocs\New folder\vendor\codeigniter4\framework\system\CodeIgniter.php(317): CodeIgniter\CodeIgniter->handleRequest(NULL, Object(Config\Cache), false)
#4 C:\xampp\htdocs\New folder\public\index.php(37): CodeIgniter\CodeIgniter->run()
#5 C:\xampp\htdocs\New folder\vendor\codeigniter4\framework\system\Commands\Server\rewrite.php(43): require_once('C:\\xampp\\htdocs...')
#6 {main}
CRITICAL - 2021-10-01 00:27:48 --> Trying to access array offset on value of type null
#0 C:\xampp\htdocs\New folder\app\Controllers\Peserta.php(113): CodeIgniter\Debug\Exceptions->errorHandler(8, 'Trying to acces...', 'C:\\xampp\\htdocs...', 113, Array)
#1 C:\xampp\htdocs\New folder\vendor\codeigniter4\framework\system\CodeIgniter.php(802): App\Controllers\Peserta->ujian_cat('48')
#2 C:\xampp\htdocs\New folder\vendor\codeigniter4\framework\system\CodeIgniter.php(399): CodeIgniter\CodeIgniter->runController(Object(App\Controllers\Peserta))
#3 C:\xampp\htdocs\New folder\vendor\codeigniter4\framework\system\CodeIgniter.php(317): CodeIgniter\CodeIgniter->handleRequest(NULL, Object(Config\Cache), false)
#4 C:\xampp\htdocs\New folder\public\index.php(37): CodeIgniter\CodeIgniter->run()
#5 C:\xampp\htdocs\New folder\vendor\codeigniter4\framework\system\Commands\Server\rewrite.php(43): require_once('C:\\xampp\\htdocs...')
#6 {main}
CRITICAL - 2021-10-01 01:48:33 --> Trying to access array offset on value of type null
#0 C:\xampp\htdocs\New folder\app\Controllers\Peserta.php(58): CodeIgniter\Debug\Exceptions->errorHandler(8, 'Trying to acces...', 'C:\\xampp\\htdocs...', 58, Array)
#1 C:\xampp\htdocs\New folder\vendor\codeigniter4\framework\system\CodeIgniter.php(802): App\Controllers\Peserta->acak_soal()
#2 C:\xampp\htdocs\New folder\vendor\codeigniter4\framework\system\CodeIgniter.php(399): CodeIgniter\CodeIgniter->runController(Object(App\Controllers\Peserta))
#3 C:\xampp\htdocs\New folder\vendor\codeigniter4\framework\system\CodeIgniter.php(317): CodeIgniter\CodeIgniter->handleRequest(NULL, Object(Config\Cache), false)
#4 C:\xampp\htdocs\New folder\public\index.php(37): CodeIgniter\CodeIgniter->run()
#5 C:\xampp\htdocs\New folder\vendor\codeigniter4\framework\system\Commands\Server\rewrite.php(43): require_once('C:\\xampp\\htdocs...')
#6 {main}
CRITICAL - 2021-10-01 10:44:11 --> Undefined index: minimal_benar
#0 C:\xampp\htdocs\New folder\app\Views\v_admin\jenis_soal\index.php(53): CodeIgniter\Debug\Exceptions->errorHandler(8, 'Undefined index...', 'C:\\xampp\\htdocs...', 53, Array)
#1 C:\xampp\htdocs\New folder\app\Views\v_admin\v_app.php(61): include('C:\\xampp\\htdocs...')
#2 C:\xampp\htdocs\New folder\vendor\codeigniter4\framework\system\View\View.php(214): include('C:\\xampp\\htdocs...')
#3 C:\xampp\htdocs\New folder\vendor\codeigniter4\framework\system\View\View.php(217): CodeIgniter\View\View->CodeIgniter\View\{closure}()
#4 C:\xampp\htdocs\New folder\vendor\codeigniter4\framework\system\Common.php(1092): CodeIgniter\View\View->render('v_admin/v_app', Array, true)
#5 C:\xampp\htdocs\New folder\app\Controllers\Admin\JenisSoal.php(17): view('v_admin/v_app', Array)
#6 C:\xampp\htdocs\New folder\vendor\codeigniter4\framework\system\CodeIgniter.php(802): App\Controllers\Admin\JenisSoal->index()
#7 C:\xampp\htdocs\New folder\vendor\codeigniter4\framework\system\CodeIgniter.php(399): CodeIgniter\CodeIgniter->runController(Object(App\Controllers\Admin\JenisSoal))
#8 C:\xampp\htdocs\New folder\vendor\codeigniter4\framework\system\CodeIgniter.php(317): CodeIgniter\CodeIgniter->handleRequest(NULL, Object(Config\Cache), false)
#9 C:\xampp\htdocs\New folder\public\index.php(37): CodeIgniter\CodeIgniter->run()
#10 C:\xampp\htdocs\New folder\vendor\codeigniter4\framework\system\Commands\Server\rewrite.php(43): require_once('C:\\xampp\\htdocs...')
#11 {main}
CRITICAL - 2021-10-01 10:47:14 --> Deletes are not allowed unless they contain a "where" or "like" clause.
#0 C:\xampp\htdocs\New folder\vendor\codeigniter4\framework\system\Model.php(359): CodeIgniter\Database\BaseBuilder->delete()
#1 C:\xampp\htdocs\New folder\vendor\codeigniter4\framework\system\BaseModel.php(963): CodeIgniter\Model->doDelete('0', false)
#2 C:\xampp\htdocs\New folder\app\Controllers\Admin\PertanyaanSoal.php(101): CodeIgniter\BaseModel->delete('0')
#3 C:\xampp\htdocs\New folder\vendor\codeigniter4\framework\system\CodeIgniter.php(802): App\Controllers\Admin\PertanyaanSoal->deleteSoal('8', '0')
#4 C:\xampp\htdocs\New folder\vendor\codeigniter4\framework\system\CodeIgniter.php(399): CodeIgniter\CodeIgniter->runController(Object(App\Controllers\Admin\PertanyaanSoal))
#5 C:\xampp\htdocs\New folder\vendor\codeigniter4\framework\system\CodeIgniter.php(317): CodeIgniter\CodeIgniter->handleRequest(NULL, Object(Config\Cache), false)
#6 C:\xampp\htdocs\New folder\public\index.php(37): CodeIgniter\CodeIgniter->run()
#7 C:\xampp\htdocs\New folder\vendor\codeigniter4\framework\system\Commands\Server\rewrite.php(43): require_once('C:\\xampp\\htdocs...')
#8 {main}
